<?xml version="1.0" encoding="UTF-8"?>
<!-- Generated by org.testng.reporters.JUnitReportReporter -->
<testsuite skipped="0" hostname="SMT-LAP-053" name="smarte.webautomation.CreateCustomFields" tests="1" failures="0" timestamp="25 Aug 2020 12:28:34 GMT" time="1357.080" errors="0">
  <testcase name="createCustomFieldsForLead" time="1357.080" classname="smarte.webautomation.CreateCustomFields"/>
</testsuite> <!-- smarte.webautomation.CreateCustomFields -->
